# JRE version: OpenJDK Runtime Environment (18.0.2.1+1) (build 18.0.2.1+1-1)
# Java VM: OpenJDK 64-Bit Server VM (18.0.2.1+1-1, mixed mode, emulated-client, sharing, tiered, compressed oops, compressed class ptrs, g1 gc, windows-amd64)
GC Precious Log:
 CardTable entry size: 512
 Card Set container configuration: InlinePtr #cards 5 size 8 Array Of Cards #cards 12 size 40 Howl #buckets 4 coarsen threshold 1843 Howl Bitmap #cards 512 size 80 coarsen threshold 460 Card regions per heap region 1 cards per card region 2048
 CPUs: 4 total, 4 available
 Memory: 3983M
 Large Page Support: Disabled
 NUMA Support: Disabled
 Compressed Oops: Enabled (32-bit)
 Heap Region Size: 1M
 Heap Min Capacity: 8M
 Heap Initial Capacity: 64M
 Heap Max Capacity: 996M
 Pre-touch: Disabled
 Parallel Workers: 4
 Concurrent Workers: 1
 Concurrent Refinement Workers: 4
 Periodic GC: Disabled
Heap:
 garbage-first heap   total 51200K, used 32238K [0x00000000c1c00000, 0x0000000100000000)
  region size 1024K, 16 young (16384K), 3 survivors (3072K)
 Metaspace       used 43322K, committed 43776K, reserved 1114112K
  class space    used 6150K, committed 6336K, reserved 1048576K
GC Heap History (20 events):
Event: 2.867 GC heap before
{Heap before GC invocations=1 (full 0):
 garbage-first heap   total 65536K, used 14920K [0x00000000c1c00000, 0x0000000100000000)
  region size 1024K, 10 young (10240K), 2 survivors (2048K)
 Metaspace       used 7448K, committed 7680K, reserved 1114112K
  class space    used 910K, committed 1024K, reserved 1048576K
}
Event: 2.875 GC heap after
{Heap after GC invocations=2 (full 0):
 garbage-first heap   total 65536K, used 8006K [0x00000000c1c00000, 0x0000000100000000)
  region size 1024K, 2 young (2048K), 2 survivors (2048K)
 Metaspace       used 7448K, committed 7680K, reserved 1114112K
  class space    used 910K, committed 1024K, reserved 1048576K
}
Event: 3.739 GC heap before
{Heap before GC invocations=2 (full 0):
 garbage-first heap   total 65536K, used 26438K [0x00000000c1c00000, 0x0000000100000000)
  region size 1024K, 21 young (21504K), 2 survivors (2048K)
 Metaspace       used 10931K, committed 11264K, reserved 1114112K
  class space    used 1479K, committed 1664K, reserved 1048576K
}
Event: 3.746 GC heap after
{Heap after GC invocations=3 (full 0):
 garbage-first heap   total 65536K, used 9468K [0x00000000c1c00000, 0x0000000100000000)
  region size 1024K, 3 young (3072K), 3 survivors (3072K)
 Metaspace       used 10931K, committed 11264K, reserved 1114112K
  class space    used 1479K, committed 1664K, reserved 1048576K
}
Event: 5.335 GC heap before
{Heap before GC invocations=3 (full 0):
 garbage-first heap   total 65536K, used 39164K [0x00000000c1c00000, 0x0000000100000000)
  region size 1024K, 33 young (33792K), 3 survivors (3072K)
 Metaspace       used 17998K, committed 18368K, reserved 1114112K
  class space    used 2323K, committed 2496K, reserved 1048576K
}
Event: 5.343 GC heap after
{Heap after GC invocations=4 (full 0):
 garbage-first heap   total 65536K, used 10879K [0x00000000c1c00000, 0x0000000100000000)
  region size 1024K, 3 young (3072K), 3 survivors (3072K)
 Metaspace       used 17998K, committed 18368K, reserved 1114112K
  class space    used 2323K, committed 2496K, reserved 1048576K
}
Event: 6.586 GC heap before
{Heap before GC invocations=4 (full 0):
 garbage-first heap   total 65536K, used 43647K [0x00000000c1c00000, 0x0000000100000000)
  region size 1024K, 36 young (36864K), 3 survivors (3072K)
 Metaspace       used 21249K, committed 21504K, reserved 1114112K
  class space    used 2827K, committed 2944K, reserved 1048576K
}
Event: 6.598 GC heap after
{Heap after GC invocations=5 (full 0):
 garbage-first heap   total 65536K, used 13115K [0x00000000c1c00000, 0x0000000100000000)
  region size 1024K, 4 young (4096K), 4 survivors (4096K)
 Metaspace       used 21249K, committed 21504K, reserved 1114112K
  class space    used 2827K, committed 2944K, reserved 1048576K
}
Event: 8.379 GC heap before
{Heap before GC invocations=6 (full 0):
 garbage-first heap   total 51200K, used 39739K [0x00000000c1c00000, 0x0000000100000000)
  region size 1024K, 30 young (30720K), 4 survivors (4096K)
 Metaspace       used 25746K, committed 26112K, reserved 1114112K
  class space    used 3487K, committed 3648K, reserved 1048576K
}
Event: 8.402 GC heap after
{Heap after GC invocations=7 (full 0):
 garbage-first heap   total 51200K, used 16076K [0x00000000c1c00000, 0x0000000100000000)
  region size 1024K, 4 young (4096K), 4 survivors (4096K)
 Metaspace       used 25746K, committed 26112K, reserved 1114112K
  class space    used 3487K, committed 3648K, reserved 1048576K
}
Event: 9.426 GC heap before
{Heap before GC invocations=7 (full 0):
 garbage-first heap   total 51200K, used 16076K [0x00000000c1c00000, 0x0000000100000000)
  region size 1024K, 5 young (5120K), 4 survivors (4096K)
 Metaspace       used 25781K, committed 26176K, reserved 1114112K
  class space    used 3491K, committed 3648K, reserved 1048576K
}
Event: 9.444 GC heap after
{Heap after GC invocations=8 (full 0):
 garbage-first heap   total 51200K, used 16665K [0x00000000c1c00000, 0x0000000100000000)
  region size 1024K, 1 young (1024K), 1 survivors (1024K)
 Metaspace       used 25781K, committed 26176K, reserved 1114112K
  class space    used 3491K, committed 3648K, reserved 1048576K
}
Event: 11.595 GC heap before
{Heap before GC invocations=8 (full 0):
 garbage-first heap   total 51200K, used 35097K [0x00000000c1c00000, 0x0000000100000000)
  region size 1024K, 20 young (20480K), 1 survivors (1024K)
 Metaspace       used 27965K, committed 28416K, reserved 1114112K
  class space    used 3801K, committed 3968K, reserved 1048576K
}
Event: 11.603 GC heap after
{Heap after GC invocations=9 (full 0):
 garbage-first heap   total 51200K, used 17062K [0x00000000c1c00000, 0x0000000100000000)
  region size 1024K, 1 young (1024K), 1 survivors (1024K)
 Metaspace       used 27965K, committed 28416K, reserved 1114112K
  class space    used 3801K, committed 3968K, reserved 1048576K
}
Event: 12.323 GC heap before
{Heap before GC invocations=9 (full 0):
 garbage-first heap   total 51200K, used 36518K [0x00000000c1c00000, 0x0000000100000000)
  region size 1024K, 21 young (21504K), 1 survivors (1024K)
 Metaspace       used 34220K, committed 34688K, reserved 1114112K
  class space    used 4761K, committed 4992K, reserved 1048576K
}
Event: 12.329 GC heap after
{Heap after GC invocations=10 (full 0):
 garbage-first heap   total 51200K, used 18230K [0x00000000c1c00000, 0x0000000100000000)
  region size 1024K, 3 young (3072K), 3 survivors (3072K)
 Metaspace       used 34220K, committed 34688K, reserved 1114112K
  class space    used 4761K, committed 4992K, reserved 1048576K
}
Event: 12.469 GC heap before
{Heap before GC invocations=10 (full 0):
 garbage-first heap   total 51200K, used 21302K [0x00000000c1c00000, 0x0000000100000000)
  region size 1024K, 8 young (8192K), 3 survivors (3072K)
 Metaspace       used 35742K, committed 36160K, reserved 1114112K
  class space    used 4973K, committed 5184K, reserved 1048576K
}
Event: 12.475 GC heap after
{Heap after GC invocations=11 (full 0):
 garbage-first heap   total 51200K, used 18436K [0x00000000c1c00000, 0x0000000100000000)
  region size 1024K, 2 young (2048K), 2 survivors (2048K)
 Metaspace       used 35742K, committed 36160K, reserved 1114112K
  class space    used 4973K, committed 5184K, reserved 1048576K
}
Event: 14.472 GC heap before
{Heap before GC invocations=12 (full 0):
 garbage-first heap   total 51200K, used 37892K [0x00000000c1c00000, 0x0000000100000000)
  region size 1024K, 22 young (22528K), 2 survivors (2048K)
 Metaspace       used 40633K, committed 41088K, reserved 1114112K
  class space    used 5702K, committed 5952K, reserved 1048576K
}
Event: 14.479 GC heap after
{Heap after GC invocations=13 (full 0):
 garbage-first heap   total 51200K, used 19950K [0x00000000c1c00000, 0x0000000100000000)
  region size 1024K, 3 young (3072K), 3 survivors (3072K)
 Metaspace       used 40633K, committed 41088K, reserved 1114112K
  class space    used 5702K, committed 5952K, reserved 1048576K
}

